<?xml version="1.0" encoding="UTF-8"?>
<!-- Generated by org.testng.reporters.JUnitReportReporter -->
<testsuite hostname="LAPTOP-PS4Q2Q8U" failures="0" tests="2" name="com.test.com.test.Testngdemo2" time="0.001" errors="0" timestamp="2020-01-23T23:00:46 IST" skipped="0">
  <testcase classname="com.test.com.test.Testngdemo2" name="personalloan" time="0.000"/>
  <testcase classname="com.test.com.test.Testngdemo2" name="mobileloan" time="0.001"/>
</testsuite> <!-- com.test.com.test.Testngdemo2 -->
