<?xml version="1.0" encoding="UTF-8"?>
<!-- Generated by org.testng.reporters.JUnitReportReporter -->
<testsuite hostname="LAPTOP-PS4Q2Q8U" failures="0" tests="1" name="com.test.com.test.AppTest" time="0.000" errors="0" timestamp="2020-01-23T23:00:46 IST" skipped="0">
  <testcase classname="com.test.com.test.AppTest" name="testApp" time="0.000"/>
</testsuite> <!-- com.test.com.test.AppTest -->
