<?xml version="1.0" encoding="UTF-8"?>
<!-- Generated by org.testng.reporters.JUnitReportReporter -->
<testsuite hostname="LAPTOP-PS4Q2Q8U" failures="0" tests="1" name="com.test.com.test.Testngdemo" time="0.016" errors="0" timestamp="2020-01-23T22:35:56 IST" skipped="0">
  <testcase classname="com.test.com.test.Testngdemo" name="setup" time="0.016"/>
</testsuite> <!-- com.test.com.test.Testngdemo -->
