<?xml version="1.0" encoding="UTF-8"?>
<!-- Generated by org.testng.reporters.JUnitReportReporter -->
<testsuite hostname="LAPTOP-PS4Q2Q8U" failures="0" tests="1" name="com.test.com.test.Testngdemo2" time="0.002" errors="0" timestamp="2020-01-13T22:06:01 IST" skipped="0">
  <testcase classname="com.test.com.test.Testngdemo2" name="mobileloan" time="0.002"/>
</testsuite> <!-- com.test.com.test.Testngdemo2 -->
